                                                                                                                        
>>>>>>>>>>>>>>>>>>>>>>>>>>>>>>>>>>>>>>>>>>>>>>>>>>>>>>>>>>>>>>>>>>>>>>>>>>>>>>>>>>>>>>>>>>>>>>>>>>>>>>>>>>>>>>>>>>>>>>>>
2024-09-20 23:28:26,298 - INFO - START NSP_OEC_Training_Chapter_9 =============================================
2024-09-20 23:28:26,298 - INFO - START NSP_OEC_Training_Chapter_9 Start Time = 2024-09-20 23:28:26
2024-09-20 23:28:26,298 - INFO - NSP_OEC_Training_Chapter_9 Step 0 - Initialize the configuration file parser
2024-09-20 23:28:26,299 - INFO - Process NSP_OEC_Training_Chapter_9 Step 0 - Initializing and starting Logging Process.
2024-09-20 23:28:26,330 - INFO - PERFORMANCE NSP_OEC_Training_Chapter_9 The total process duration was:0.03
2024-09-20 23:28:26,330 - INFO - PERFORMANCE NSP_OEC_Training_Chapter_9 Stop Time = 2024-09-20 23:28:26
2024-09-20 23:28:26,330 - INFO - PERFORMANCE NSP_OEC_Training_Chapter_9 Short process duration less than 3 Seconds:0.03
2024-09-20 23:28:26,331 - INFO - PERFORMANCE NSP_OEC_Training_Chapter_9 Performance optimization is not reccomended
2024-09-20 23:28:26,331 - INFO - END NSP_OEC_Training_Chapter_9 =============================================

<<<<<<<<<<<<<<<<<<<<<<<<<<<<<<<<<<<<<<<<<<<<<<<<<<<<<<<<<<<<<<<<<<<<<<<<<<<<<<<<<<<<<<<<<<<<<<<<<<<<<<<<<<<<<<<<<<<<<<<<
                                                                                                                        
                                                                                                                        
>>>>>>>>>>>>>>>>>>>>>>>>>>>>>>>>>>>>>>>>>>>>>>>>>>>>>>>>>>>>>>>>>>>>>>>>>>>>>>>>>>>>>>>>>>>>>>>>>>>>>>>>>>>>>>>>>>>>>>>>
2024-09-20 23:38:56,858 - INFO - START NSP_OEC_Training_Chapter_9 =============================================
2024-09-20 23:38:56,858 - INFO - START NSP_OEC_Training_Chapter_9 Start Time = 2024-09-20 23:38:56
2024-09-20 23:38:56,858 - INFO - NSP_OEC_Training_Chapter_9 Step 0 - Initialize the configuration file parser
2024-09-20 23:38:56,859 - INFO - Process NSP_OEC_Training_Chapter_9 Step 0 - Initializing and starting Logging Process.
2024-09-20 23:38:56,890 - INFO - PERFORMANCE NSP_OEC_Training_Chapter_9 The total process duration was:0.03
2024-09-20 23:38:56,890 - INFO - PERFORMANCE NSP_OEC_Training_Chapter_9 Stop Time = 2024-09-20 23:38:56
2024-09-20 23:38:56,890 - INFO - PERFORMANCE NSP_OEC_Training_Chapter_9 Short process duration less than 3 Seconds:0.03
2024-09-20 23:38:56,890 - INFO - PERFORMANCE NSP_OEC_Training_Chapter_9 Performance optimization is not reccomended
2024-09-20 23:38:56,890 - INFO - END NSP_OEC_Training_Chapter_9 =============================================

<<<<<<<<<<<<<<<<<<<<<<<<<<<<<<<<<<<<<<<<<<<<<<<<<<<<<<<<<<<<<<<<<<<<<<<<<<<<<<<<<<<<<<<<<<<<<<<<<<<<<<<<<<<<<<<<<<<<<<<<
                                                                                                                        
                                                                                                                        
>>>>>>>>>>>>>>>>>>>>>>>>>>>>>>>>>>>>>>>>>>>>>>>>>>>>>>>>>>>>>>>>>>>>>>>>>>>>>>>>>>>>>>>>>>>>>>>>>>>>>>>>>>>>>>>>>>>>>>>>
2024-09-24 00:47:33,281 - INFO - START NSP_OEC_Training_Chapter_9 =============================================
2024-09-24 00:47:33,281 - INFO - START NSP_OEC_Training_Chapter_9 Start Time = 2024-09-24 00:47:33
2024-09-24 00:47:33,281 - INFO - NSP_OEC_Training_Chapter_9 Step 0 - Initialize the configuration file parser
2024-09-24 00:47:33,282 - INFO - Process NSP_OEC_Training_Chapter_9 Step 0 - Initializing and starting Logging Process.
2024-09-24 00:47:33,313 - INFO - PERFORMANCE NSP_OEC_Training_Chapter_9 The total process duration was:0.03
2024-09-24 00:47:33,313 - INFO - PERFORMANCE NSP_OEC_Training_Chapter_9 Stop Time = 2024-09-24 00:47:33
2024-09-24 00:47:33,313 - INFO - PERFORMANCE NSP_OEC_Training_Chapter_9 Short process duration less than 3 Seconds:0.03
2024-09-24 00:47:33,314 - INFO - PERFORMANCE NSP_OEC_Training_Chapter_9 Performance optimization is not reccomended
2024-09-24 00:47:33,314 - INFO - END NSP_OEC_Training_Chapter_9 =============================================

<<<<<<<<<<<<<<<<<<<<<<<<<<<<<<<<<<<<<<<<<<<<<<<<<<<<<<<<<<<<<<<<<<<<<<<<<<<<<<<<<<<<<<<<<<<<<<<<<<<<<<<<<<<<<<<<<<<<<<<<
                                                                                                                        
